# JRE version: OpenJDK Runtime Environment (17.0.10) (build 17.0.10+0--11572160)
# Java VM: OpenJDK 64-Bit Server VM (17.0.10+0--11572160, mixed mode, tiered, compressed oops, compressed class ptrs, g1 gc, windows-amd64)
GC Precious Log:
 CPUs: 16 total, 16 available
 Memory: 16197M
 Large Page Support: Disabled
 NUMA Support: Disabled
 Compressed Oops: Enabled (32-bit)
 Heap Region Size: 1M
 Heap Min Capacity: 8M
 Heap Initial Capacity: 254M
 Heap Max Capacity: 2G
 Pre-touch: Disabled
 Parallel Workers: 13
 Concurrent Workers: 3
 Concurrent Refinement Workers: 13
 Periodic GC: Disabled
Heap:
 garbage-first heap   total 409600K, used 284272K [0x0000000080000000, 0x0000000100000000)
  region size 1024K, 8 young (8192K), 8 survivors (8192K)
 Metaspace       used 159471K, committed 160576K, reserved 1245184K
  class space    used 21570K, committed 22144K, reserved 1048576K
GC Heap History (20 events):
Event: 172.763 GC heap after
{Heap after GC invocations=61 (full 0):
 garbage-first heap   total 308224K, used 154762K [0x0000000080000000, 0x0000000100000000)
  region size 1024K, 7 young (7168K), 7 survivors (7168K)
 Metaspace       used 134599K, committed 135616K, reserved 1179648K
  class space    used 18680K, committed 19200K, reserved 1048576K
}
Event: 972.423 GC heap before
{Heap before GC invocations=61 (full 0):
 garbage-first heap   total 308224K, used 262282K [0x0000000080000000, 0x0000000100000000)
  region size 1024K, 100 young (102400K), 7 survivors (7168K)
 Metaspace       used 141918K, committed 142976K, reserved 1179648K
  class space    used 19627K, committed 20160K, reserved 1048576K
}
Event: 972.428 GC heap after
{Heap after GC invocations=62 (full 0):
 garbage-first heap   total 308224K, used 160103K [0x0000000080000000, 0x0000000100000000)
  region size 1024K, 12 young (12288K), 12 survivors (12288K)
 Metaspace       used 141918K, committed 142976K, reserved 1179648K
  class space    used 19627K, committed 20160K, reserved 1048576K
}
Event: 973.762 GC heap before
{Heap before GC invocations=62 (full 0):
 garbage-first heap   total 308224K, used 252263K [0x0000000080000000, 0x0000000100000000)
  region size 1024K, 101 young (103424K), 12 survivors (12288K)
 Metaspace       used 142359K, committed 143424K, reserved 1179648K
  class space    used 19654K, committed 20160K, reserved 1048576K
}
Event: 973.770 GC heap after
{Heap after GC invocations=63 (full 0):
 garbage-first heap   total 308224K, used 168181K [0x0000000080000000, 0x0000000100000000)
  region size 1024K, 13 young (13312K), 13 survivors (13312K)
 Metaspace       used 142359K, committed 143424K, reserved 1179648K
  class space    used 19654K, committed 20160K, reserved 1048576K
}
Event: 974.352 GC heap before
{Heap before GC invocations=63 (full 0):
 garbage-first heap   total 308224K, used 258293K [0x0000000080000000, 0x0000000100000000)
  region size 1024K, 94 young (96256K), 13 survivors (13312K)
 Metaspace       used 150837K, committed 151936K, reserved 1179648K
  class space    used 20597K, committed 21120K, reserved 1048576K
}
Event: 974.360 GC heap after
{Heap after GC invocations=64 (full 0):
 garbage-first heap   total 308224K, used 187552K [0x0000000080000000, 0x0000000100000000)
  region size 1024K, 12 young (12288K), 12 survivors (12288K)
 Metaspace       used 150837K, committed 151936K, reserved 1179648K
  class space    used 20597K, committed 21120K, reserved 1048576K
}
Event: 974.782 GC heap before
{Heap before GC invocations=64 (full 0):
 garbage-first heap   total 308224K, used 255136K [0x0000000080000000, 0x0000000100000000)
  region size 1024K, 76 young (77824K), 12 survivors (12288K)
 Metaspace       used 155753K, committed 156928K, reserved 1245184K
  class space    used 21073K, committed 21632K, reserved 1048576K
}
Event: 974.788 GC heap after
{Heap after GC invocations=65 (full 0):
 garbage-first heap   total 308224K, used 216504K [0x0000000080000000, 0x0000000100000000)
  region size 1024K, 10 young (10240K), 10 survivors (10240K)
 Metaspace       used 155753K, committed 156928K, reserved 1245184K
  class space    used 21073K, committed 21632K, reserved 1048576K
}
Event: 974.835 GC heap before
{Heap before GC invocations=65 (full 0):
 garbage-first heap   total 308224K, used 243128K [0x0000000080000000, 0x0000000100000000)
  region size 1024K, 37 young (37888K), 10 survivors (10240K)
 Metaspace       used 155757K, committed 156928K, reserved 1245184K
  class space    used 21073K, committed 21632K, reserved 1048576K
}
Event: 974.842 GC heap after
{Heap after GC invocations=66 (full 0):
 garbage-first heap   total 308224K, used 244736K [0x0000000080000000, 0x0000000100000000)
  region size 1024K, 5 young (5120K), 5 survivors (5120K)
 Metaspace       used 155757K, committed 156928K, reserved 1245184K
  class space    used 21073K, committed 21632K, reserved 1048576K
}
Event: 974.886 GC heap before
{Heap before GC invocations=66 (full 0):
 garbage-first heap   total 308224K, used 253952K [0x0000000080000000, 0x0000000100000000)
  region size 1024K, 15 young (15360K), 5 survivors (5120K)
 Metaspace       used 156368K, committed 157504K, reserved 1245184K
  class space    used 21145K, committed 21696K, reserved 1048576K
}
Event: 974.891 GC heap after
{Heap after GC invocations=67 (full 0):
 garbage-first heap   total 308224K, used 252355K [0x0000000080000000, 0x0000000100000000)
  region size 1024K, 2 young (2048K), 2 survivors (2048K)
 Metaspace       used 156368K, committed 157504K, reserved 1245184K
  class space    used 21145K, committed 21696K, reserved 1048576K
}
Event: 974.982 GC heap before
{Heap before GC invocations=67 (full 0):
 garbage-first heap   total 308224K, used 260547K [0x0000000080000000, 0x0000000100000000)
  region size 1024K, 12 young (12288K), 2 survivors (2048K)
 Metaspace       used 157892K, committed 159040K, reserved 1245184K
  class space    used 21388K, committed 21952K, reserved 1048576K
}
Event: 974.985 GC heap after
{Heap after GC invocations=68 (full 0):
 garbage-first heap   total 308224K, used 255296K [0x0000000080000000, 0x0000000100000000)
  region size 1024K, 2 young (2048K), 2 survivors (2048K)
 Metaspace       used 157892K, committed 159040K, reserved 1245184K
  class space    used 21388K, committed 21952K, reserved 1048576K
}
Event: 975.124 GC heap before
{Heap before GC invocations=69 (full 0):
 garbage-first heap   total 409600K, used 253248K [0x0000000080000000, 0x0000000100000000)
  region size 1024K, 15 young (15360K), 2 survivors (2048K)
 Metaspace       used 159349K, committed 160448K, reserved 1245184K
  class space    used 21569K, committed 22144K, reserved 1048576K
}
Event: 975.126 GC heap after
{Heap after GC invocations=70 (full 0):
 garbage-first heap   total 409600K, used 241921K [0x0000000080000000, 0x0000000100000000)
  region size 1024K, 2 young (2048K), 2 survivors (2048K)
 Metaspace       used 159349K, committed 160448K, reserved 1245184K
  class space    used 21569K, committed 22144K, reserved 1048576K
}
Event: 975.158 GC heap before
{Heap before GC invocations=70 (full 0):
 garbage-first heap   total 409600K, used 260353K [0x0000000080000000, 0x0000000100000000)
  region size 1024K, 20 young (20480K), 2 survivors (2048K)
 Metaspace       used 159384K, committed 160512K, reserved 1245184K
  class space    used 21570K, committed 22144K, reserved 1048576K
}
Event: 975.165 GC heap after
{Heap after GC invocations=71 (full 0):
 garbage-first heap   total 409600K, used 231850K [0x0000000080000000, 0x0000000100000000)
  region size 1024K, 3 young (3072K), 3 survivors (3072K)
 Metaspace       used 159384K, committed 160512K, reserved 1245184K
  class space    used 21570K, committed 22144K, reserved 1048576K
}
Event: 975.250 GC heap before
{Heap before GC invocations=71 (full 0):
 garbage-first heap   total 409600K, used 288170K [0x0000000080000000, 0x0000000100000000)
  region size 1024K, 58 young (59392K), 3 survivors (3072K)
 Metaspace       used 159471K, committed 160576K, reserved 1245184K
  class space    used 21570K, committed 22144K, reserved 1048576K
}

